<?xml version="1.0" encoding="UTF-8"?>
<testsuites name="jest tests" tests="4" failures="0" time="0.097">
  <testsuite name="Funkcja isMaleName" errors="0" failures="0" skipped="0" timestamp="2021-04-18T18:19:21" time="0.069" tests="4">
    <testcase classname="Funkcja isMaleName powinna zwrócić wartość typu boolean" name="Funkcja isMaleName powinna zwrócić wartość typu boolean" time="0">
    </testcase>
    <testcase classname="Funkcja isMaleName powinna zwrócić false gdy ostatnia litera imienia to &quot;a&quot;" name="Funkcja isMaleName powinna zwrócić false gdy ostatnia litera imienia to &quot;a&quot;" time="0.001">
    </testcase>
    <testcase classname="Funkcja isMaleName powinna zwrócić true gdy ostatnią literą imienia nie jest &quot;a&quot;" name="Funkcja isMaleName powinna zwrócić true gdy ostatnią literą imienia nie jest &quot;a&quot;" time="0">
    </testcase>
    <testcase classname="Funkcja isMaleName powinna zwrócić true gdy imieniem jest &quot;Bonawentura&quot;" name="Funkcja isMaleName powinna zwrócić true gdy imieniem jest &quot;Bonawentura&quot;" time="0.001">
    </testcase>
  </testsuite>
</testsuites>